[0mCompiling "resources/public/cljs/main.js" from ["src"]...[0m
[31mFailed to compile "resources/public/cljs/main.js" in 0.007 seconds.[0m
[36m----  Could not Analyze  src/circle_of_fifths/core.cljs   line:1  column:1  ----[0m

  [1mOnly :refer-clojure, :require, :require-macros, :use, :use-macros, and :import libspecs supported at line 1 src/circle_of_fifths/core.cljs[0m

  [33m1[0m  [1m(ns circle-of-fifths.core[0m
  [0m [0m  [33m^--- Only :refer-clojure, :require, :require-macros, :use, :use-macros, and :import libspecs supported at line 1 src/circle_of_fifths/core.cljs[0m
  [36m2[0m  [36m  (:gen-class))[0m
  [36m3[0m  [36m[0m
  [36m4[0m  [36m(defn -main[0m

[36m----  Analysis Error : Please see src/circle_of_fifths/core.cljs  ----[0m
[0mCompiling "resources/public/cljs/main.js" from ["src"]...[0m
[31mFailed to compile "resources/public/cljs/main.js" in 0.086 seconds.[0m
[36m----  Could not Analyze    ----[0m

  [1mNo such namespace: clojurescript_tdd_application.core, could not locate clojurescript_tdd_application/core.cljs, clojurescript_tdd_application/core.cljc, or Closure namespace "clojurescript_tdd_application.core"[0m

[36m----  Analysis Error  ----[0m
[0mCompiling "resources/public/cljs/main.js" from ["src"]...[0m
[32mSuccessfully compiled "resources/public/cljs/main.js" in 0.117 seconds.[0m
notifying browser that file changed:  resources/public/cljs/out/goog/deps.js
notifying browser that file changed:  resources/public/cljs/out/cljs_deps.js
notifying browser that file changed:  out/circle_of_fifths/core.js
[0mCompiling "resources/public/cljs/main.js" from ["src"]...[0m
[36m----  Compiler Warning on   src/circle_of_fifths/core.cljs   line:10  column:1  ----[0m

  [1mUse of undeclared Var quil.sketch/opts[0m

  [36m 6[0m  [36m  (q/background 255)[0m
  [36m 7[0m  [36m  (q/fill 0)[0m
  [36m 8[0m  [36m  (q/ellipse 56 46 55 55))[0m
  [36m 9[0m  [36m[0m
  [33m10[0m  [1m(q/defsketch hello[0m
  [0m  [0m  [33m^--- Use of undeclared Var quil.sketch/opts[0m
  [36m11[0m  [36m  :draw draw[0m
  [36m12[0m  [36m  :host "hello"[0m
  [36m13[0m  [36m  :size [300 300])[0m

[36m----  Compiler Warning : Please see src/circle_of_fifths/core.cljs  ----[0m
[32mSuccessfully compiled "resources/public/cljs/main.js" in 0.19 seconds.[0m
notifying browser that file changed:  resources/public/cljs/out/goog/deps.js
notifying browser that file changed:  resources/public/cljs/out/cljs_deps.js
notifying browser that file changed:  out/circle_of_fifths/core.js
[0mCompiling "resources/public/cljs/main.js" from ["src"]...[0m
[36m----  Compiler Warning on   src/circle_of_fifths/core.cljs   line:10  column:1  ----[0m

  [1mUse of undeclared Var quil.sketch/opts[0m

  [36m 6[0m  [36m  (q/background 255)[0m
  [36m 7[0m  [36m  (q/fill 0)[0m
  [36m 8[0m  [36m  (q/ellipse 56 46 55 55))[0m
  [36m 9[0m  [36m[0m
  [33m10[0m  [1m(q/defsketch hello[0m
  [0m  [0m  [33m^--- Use of undeclared Var quil.sketch/opts[0m
  [36m11[0m  [36m  :draw draw[0m
  [36m12[0m  [36m  :host "circle-of-fifths"[0m
  [36m13[0m  [36m  :size [300 300])[0m

[36m----  Compiler Warning : Please see src/circle_of_fifths/core.cljs  ----[0m
[32mSuccessfully compiled "resources/public/cljs/main.js" in 0.194 seconds.[0m
notifying browser that file changed:  resources/public/cljs/out/cljs_deps.js
notifying browser that file changed:  out/circle_of_fifths/core.js
Figwheel: Can't open  ("src/circle_of_fifths/core.cljs" 10 1) No :open-file-command supplied in the config.
Figwheel: Can't open  ("src/circle_of_fifths/core.cljs" 10 1) No :open-file-command supplied in the config.
Figwheel: Can't open  ("src/circle_of_fifths/core.cljs" 10 1) No :open-file-command supplied in the config.
[0mCompiling "resources/public/cljs/main.js" from ["src"]...[0m
[36m----  Compiler Warning on   src/circle_of_fifths/core.cljs   line:26  column:1  ----[0m

  [1mUse of undeclared Var quil.sketch/opts[0m

  [36m22[0m  [36m    (q/with-translation [(/ (q/width) 2)[0m
  [36m23[0m  [36m                         (/ (q/height) 2)][0m
  [36m24[0m  [36m      (q/ellipse x y 100 100))))[0m
  [36m25[0m  [36m[0m
  [33m26[0m  [1m(q/defsketch my[0m
  [0m  [0m  [33m^--- Use of undeclared Var quil.sketch/opts[0m
  [36m27[0m  [36m  :host "host"[0m
  [36m28[0m  [36m  :size [500 500][0m
  [36m29[0m  [36m  :setup setup[0m
  [36m30[0m  [36m  :update update-state[0m
  [36m31[0m  [36m  :draw draw-state[0m

[36m----  Compiler Warning : Please see src/circle_of_fifths/core.cljs  ----[0m
[32mSuccessfully compiled "resources/public/cljs/main.js" in 0.211 seconds.[0m
notifying browser that file changed:  resources/public/cljs/out/goog/deps.js
notifying browser that file changed:  resources/public/cljs/out/cljs_deps.js
notifying browser that file changed:  out/circle_of_fifths/core.js
[0mCompiling "resources/public/cljs/main.js" from ["src"]...[0m
[32mSuccessfully compiled "resources/public/cljs/main.js" in 0.214 seconds.[0m
notifying browser that file changed:  resources/public/cljs/out/goog/deps.js
notifying browser that file changed:  resources/public/cljs/out/cljs_deps.js
notifying browser that file changed:  out/circle_of_fifths/core.js
[0mCompiling "resources/public/cljs/main.js" from ["src"]...[0m
[32mSuccessfully compiled "resources/public/cljs/main.js" in 0.157 seconds.[0m
notifying browser that file changed:  resources/public/cljs/out/goog/deps.js
notifying browser that file changed:  resources/public/cljs/out/cljs_deps.js
notifying browser that file changed:  out/circle_of_fifths/core.js
[0mCompiling "resources/public/cljs/main.js" from ["src"]...[0m
[32mSuccessfully compiled "resources/public/cljs/main.js" in 0.153 seconds.[0m
notifying browser that file changed:  out/circle_of_fifths/core.js
[0mCompiling "resources/public/cljs/main.js" from ["src"]...[0m
[31mFailed to compile "resources/public/cljs/main.js" in 0.065 seconds.[0m
[36m----  Could not Read  src/circle_of_fifths/core.cljs   line:18  column:1  ----[0m

  [1mEOF while reading, starting at line 18 and column 1[0m

  [36m16[0m  [36m  {:color 0})[0m
  [36m17[0m  [36m[0m
  [33m18[0m  [1m(defn draw-state [state][0m
  [0m  [0m  [33m^--- EOF while reading, starting at line 18 and column 1[0m
  [36m19[0m  [36m  (q/background 240)[0m
  [36m20[0m  [36m  (q/fill 100 100 100)[0m
  [36m21[0m  [36m  (q/ellipse (/ canvas-width 2) (/ canvas-height 2) 300 300)[0m

[36m----  Reader Error : Please see src/circle_of_fifths/core.cljs  ----[0m
[0mCompiling "resources/public/cljs/main.js" from ["src"]...[0m
[32mSuccessfully compiled "resources/public/cljs/main.js" in 0.146 seconds.[0m
notifying browser that file changed:  out/circle_of_fifths/core.js
[0mCompiling "resources/public/cljs/main.js" from ["src"]...[0m
[32mSuccessfully compiled "resources/public/cljs/main.js" in 0.181 seconds.[0m
notifying browser that file changed:  resources/public/cljs/out/cljs_deps.js
notifying browser that file changed:  out/circle_of_fifths/core.js
[0mCompiling "resources/public/cljs/main.js" from ["src"]...[0m
[32mSuccessfully compiled "resources/public/cljs/main.js" in 0.164 seconds.[0m
notifying browser that file changed:  resources/public/cljs/out/goog/deps.js
notifying browser that file changed:  resources/public/cljs/out/cljs_deps.js
notifying browser that file changed:  out/circle_of_fifths/core.js
[0mCompiling "resources/public/cljs/main.js" from ["src"]...[0m
[32mSuccessfully compiled "resources/public/cljs/main.js" in 0.151 seconds.[0m
notifying browser that file changed:  out/circle_of_fifths/core.js
[0mCompiling "resources/public/cljs/main.js" from ["src"]...[0m
[36m----  Compiler Warning on   src/circle_of_fifths/core.cljs   line:24  column:3  ----[0m

  [1mWrong number of args (7) passed to quil.core/arc[0m

  [36m21[0m  [36m(defn draw-state [state][0m
  [36m22[0m  [36m  (q/background 240)[0m
  [36m23[0m  [36m  (q/fill 100 100 100)[0m
  [33m24[0m  [1m  (q/arc (/ canvas-width 2) (/ canvas-height 2) circle-radius circle-radius 0 30 :pie))[0m
  [0m  [0m  [33m  ^--- Wrong number of args (7) passed to quil.core/arc[0m
  [36m25[0m  [36m[0m
  [36m26[0m  [36m(q/defsketch my[0m
  [36m27[0m  [36m  :host "circle-of-fifths"[0m
  [36m28[0m  [36m  :size [canvas-width canvas-height][0m
  [36m29[0m  [36m  :setup setup[0m

[36m----  Compiler Warning : Please see src/circle_of_fifths/core.cljs  ----[0m
[32mSuccessfully compiled "resources/public/cljs/main.js" in 0.162 seconds.[0m
notifying browser that file changed:  out/circle_of_fifths/core.js
[0mCompiling "resources/public/cljs/main.js" from ["src"]...[0m
[32mSuccessfully compiled "resources/public/cljs/main.js" in 0.142 seconds.[0m
notifying browser that file changed:  out/circle_of_fifths/core.js
[0mCompiling "resources/public/cljs/main.js" from ["src"]...[0m
[36m----  Compiler Warning on   src/circle_of_fifths/core.cljs   line:24  column:78  ----[0m

  [1mUse of undeclared Var quil.core/degress[0m

  [36m21[0m  [36m(defn draw-state [state][0m
  [36m22[0m  [36m  (q/background 240)[0m
  [36m23[0m  [36m  (q/fill 100 100 100)[0m
  [33m24[0m  [1m  (q/arc (/ canvas-width 2) (/ canvas-height 2) circle-radius circle-radius (q/degress 0) (q/degrees 30)))[0m
  [0m  [0m  [33m                                                                             ^--- Use of undeclared Var quil.core/degress[0m
  [36m25[0m  [36m[0m
  [36m26[0m  [36m(q/defsketch my[0m
  [36m27[0m  [36m  :host "circle-of-fifths"[0m
  [36m28[0m  [36m  :size [canvas-width canvas-height][0m
  [36m29[0m  [36m  :setup setup[0m

[36m----  Compiler Warning : Please see src/circle_of_fifths/core.cljs  ----[0m
[32mSuccessfully compiled "resources/public/cljs/main.js" in 0.184 seconds.[0m
notifying browser that file changed:  out/circle_of_fifths/core.js
[0mCompiling "resources/public/cljs/main.js" from ["src"]...[0m
[32mSuccessfully compiled "resources/public/cljs/main.js" in 0.139 seconds.[0m
notifying browser that file changed:  out/circle_of_fifths/core.js
[0mCompiling "resources/public/cljs/main.js" from ["src"]...[0m
[32mSuccessfully compiled "resources/public/cljs/main.js" in 0.139 seconds.[0m
notifying browser that file changed:  out/circle_of_fifths/core.js
[0mCompiling "resources/public/cljs/main.js" from ["src"]...[0m
[36m----  Compiler Warning on   src/circle_of_fifths/core.cljs   line:25  column:26  ----[0m

  [1mUse of undeclared Var circle-of-fifths.core/cos[0m

  [36m21[0m  [36m;; Drawing functions[0m
  [36m22[0m  [36m[0m
  [36m23[0m  [36m(defn draw-arc [x y r beg end][0m
  [36m24[0m  [36m  (q/arc x y r r (q/radians beg) (q/radians end))[0m
  [33m25[0m  [1m  (q/line x y (+ x (* r (cos (q/radians beg)))) (+ y (* r (sin (q/radians beg)))))[0m
  [0m  [0m  [33m                         ^--- Use of undeclared Var circle-of-fifths.core/cos[0m
  [36m26[0m  [36m  (q/line x y (+ x (* r (cos (q/radians end)))) (+ y (* r (sin (q/radians end))))))[0m
  [36m27[0m  [36m[0m
  [36m28[0m  [36m(defn draw-state [state][0m
  [36m29[0m  [36m  (q/background 240)[0m
  [36m30[0m  [36m  (q/fill 100 100 100)[0m

[36m----  Compiler Warning : Please see src/circle_of_fifths/core.cljs  ----[0m
[36m----  Compiler Warning on   src/circle_of_fifths/core.cljs   line:25  column:60  ----[0m

  [1mUse of undeclared Var circle-of-fifths.core/sin[0m

  [36m21[0m  [36m;; Drawing functions[0m
  [36m22[0m  [36m[0m
  [36m23[0m  [36m(defn draw-arc [x y r beg end][0m
  [36m24[0m  [36m  (q/arc x y r r (q/radians beg) (q/radians end))[0m
  [33m25[0m  [1m  (q/line x y (+ x (* r (cos (q/radians beg)))) (+ y (* r (sin (q/radians beg)))))[0m
  [0m  [0m  [33m                                                           ^--- Use of undeclared Var circle-of-fifths.core/sin[0m
  [36m26[0m  [36m  (q/line x y (+ x (* r (cos (q/radians end)))) (+ y (* r (sin (q/radians end))))))[0m
  [36m27[0m  [36m[0m
  [36m28[0m  [36m(defn draw-state [state][0m
  [36m29[0m  [36m  (q/background 240)[0m
  [36m30[0m  [36m  (q/fill 100 100 100)[0m

[36m----  Compiler Warning : Please see src/circle_of_fifths/core.cljs  ----[0m
[36m----  Compiler Warning on   src/circle_of_fifths/core.cljs   line:26  column:26  ----[0m

  [1mUse of undeclared Var circle-of-fifths.core/cos[0m

  [36m23[0m  [36m(defn draw-arc [x y r beg end][0m
  [36m24[0m  [36m  (q/arc x y r r (q/radians beg) (q/radians end))[0m
  [36m25[0m  [36m  (q/line x y (+ x (* r (cos (q/radians beg)))) (+ y (* r (sin (q/radians beg)))))[0m
  [33m26[0m  [1m  (q/line x y (+ x (* r (cos (q/radians end)))) (+ y (* r (sin (q/radians end))))))[0m
  [0m  [0m  [33m                         ^--- Use of undeclared Var circle-of-fifths.core/cos[0m
  [36m27[0m  [36m[0m
  [36m28[0m  [36m(defn draw-state [state][0m
  [36m29[0m  [36m  (q/background 240)[0m
  [36m30[0m  [36m  (q/fill 100 100 100)[0m
  [36m31[0m  [36m  (draw-arc (/ canvas-width 2) (/ canvas-height 2) circle-radius 0 30))[0m

[36m----  Compiler Warning : Please see src/circle_of_fifths/core.cljs  ----[0m
[36m----  Compiler Warning on   src/circle_of_fifths/core.cljs   line:26  column:60  ----[0m

  [1mUse of undeclared Var circle-of-fifths.core/sin[0m

  [36m23[0m  [36m(defn draw-arc [x y r beg end][0m
  [36m24[0m  [36m  (q/arc x y r r (q/radians beg) (q/radians end))[0m
  [36m25[0m  [36m  (q/line x y (+ x (* r (cos (q/radians beg)))) (+ y (* r (sin (q/radians beg)))))[0m
  [33m26[0m  [1m  (q/line x y (+ x (* r (cos (q/radians end)))) (+ y (* r (sin (q/radians end))))))[0m
  [0m  [0m  [33m                                                           ^--- Use of undeclared Var circle-of-fifths.core/sin[0m
  [36m27[0m  [36m[0m
  [36m28[0m  [36m(defn draw-state [state][0m
  [36m29[0m  [36m  (q/background 240)[0m
  [36m30[0m  [36m  (q/fill 100 100 100)[0m
  [36m31[0m  [36m  (draw-arc (/ canvas-width 2) (/ canvas-height 2) circle-radius 0 30))[0m

[36m----  Compiler Warning : Please see src/circle_of_fifths/core.cljs  ----[0m
[32mSuccessfully compiled "resources/public/cljs/main.js" in 0.232 seconds.[0m
notifying browser that file changed:  resources/public/cljs/out/goog/deps.js
notifying browser that file changed:  resources/public/cljs/out/cljs_deps.js
notifying browser that file changed:  out/circle_of_fifths/core.js
[0mCompiling "resources/public/cljs/main.js" from ["src"]...[0m
[32mSuccessfully compiled "resources/public/cljs/main.js" in 0.198 seconds.[0m
notifying browser that file changed:  resources/public/cljs/out/cljs_deps.js
notifying browser that file changed:  out/circle_of_fifths/core.js
[0mCompiling "resources/public/cljs/main.js" from ["src"]...[0m
[32mSuccessfully compiled "resources/public/cljs/main.js" in 0.344 seconds.[0m
notifying browser that file changed:  resources/public/cljs/out/cljs_deps.js
notifying browser that file changed:  out/circle_of_fifths/core.js
[0mCompiling "resources/public/cljs/main.js" from ["src"]...[0m
[32mSuccessfully compiled "resources/public/cljs/main.js" in 0.147 seconds.[0m
notifying browser that file changed:  resources/public/cljs/out/cljs_deps.js
notifying browser that file changed:  out/circle_of_fifths/core.js
[0mCompiling "resources/public/cljs/main.js" from ["src"]...[0m
[32mSuccessfully compiled "resources/public/cljs/main.js" in 0.142 seconds.[0m
notifying browser that file changed:  out/circle_of_fifths/core.js
[0mCompiling "resources/public/cljs/main.js" from ["src"]...[0m
[32mSuccessfully compiled "resources/public/cljs/main.js" in 0.146 seconds.[0m
notifying browser that file changed:  out/circle_of_fifths/core.js
[0mCompiling "resources/public/cljs/main.js" from ["src"]...[0m
[36m----  Compiler Warning on   src/circle_of_fifths/core.cljs   line:26  column:18  ----[0m

  [1mUse of undeclared Var circle-of-fifths.core/parametric-x[0m

  [36m23[0m  [36m(defn draw-arc [x y d beg end][0m
  [36m24[0m  [36m  (let [r (/ d 2)][0m
  [36m25[0m  [36m    (q/arc x y d d (q/radians beg) (q/radians end))[0m
  [33m26[0m  [1m    (q/line x y (parametric-x x r beg) (parametric-y y r beg))[0m
  [0m  [0m  [33m                 ^--- Use of undeclared Var circle-of-fifths.core/parametric-x[0m
  [36m27[0m  [36m    (q/line x y (parametric-x x r end) (parametric-y y r end))))[0m
  [36m28[0m  [36m[0m
  [36m29[0m  [36m(defn draw-state [state][0m
  [36m30[0m  [36m  (q/background 240)[0m
  [36m31[0m  [36m  (q/fill 100 100 100)[0m

[36m----  Compiler Warning : Please see src/circle_of_fifths/core.cljs  ----[0m
[36m----  Compiler Warning on   src/circle_of_fifths/core.cljs   line:26  column:41  ----[0m

  [1mUse of undeclared Var circle-of-fifths.core/parametric-y[0m

  [36m23[0m  [36m(defn draw-arc [x y d beg end][0m
  [36m24[0m  [36m  (let [r (/ d 2)][0m
  [36m25[0m  [36m    (q/arc x y d d (q/radians beg) (q/radians end))[0m
  [33m26[0m  [1m    (q/line x y (parametric-x x r beg) (parametric-y y r beg))[0m
  [0m  [0m  [33m                                        ^--- Use of undeclared Var circle-of-fifths.core/parametric-y[0m
  [36m27[0m  [36m    (q/line x y (parametric-x x r end) (parametric-y y r end))))[0m
  [36m28[0m  [36m[0m
  [36m29[0m  [36m(defn draw-state [state][0m
  [36m30[0m  [36m  (q/background 240)[0m
  [36m31[0m  [36m  (q/fill 100 100 100)[0m

[36m----  Compiler Warning : Please see src/circle_of_fifths/core.cljs  ----[0m
[36m----  Compiler Warning on   src/circle_of_fifths/core.cljs   line:27  column:18  ----[0m

  [1mUse of undeclared Var circle-of-fifths.core/parametric-x[0m

  [36m23[0m  [36m(defn draw-arc [x y d beg end][0m
  [36m24[0m  [36m  (let [r (/ d 2)][0m
  [36m25[0m  [36m    (q/arc x y d d (q/radians beg) (q/radians end))[0m
  [36m26[0m  [36m    (q/line x y (parametric-x x r beg) (parametric-y y r beg))[0m
  [33m27[0m  [1m    (q/line x y (parametric-x x r end) (parametric-y y r end))))[0m
  [0m  [0m  [33m                 ^--- Use of undeclared Var circle-of-fifths.core/parametric-x[0m
  [36m28[0m  [36m[0m
  [36m29[0m  [36m(defn draw-state [state][0m
  [36m30[0m  [36m  (q/background 240)[0m
  [36m31[0m  [36m  (q/fill 100 100 100)[0m
  [36m32[0m  [36m  (draw-arc (/ canvas-width 2) (/ canvas-height 2) circle-diameter 0 30))[0m

[36m----  Compiler Warning : Please see src/circle_of_fifths/core.cljs  ----[0m
[36m----  Compiler Warning on   src/circle_of_fifths/core.cljs   line:27  column:41  ----[0m

  [1mUse of undeclared Var circle-of-fifths.core/parametric-y[0m

  [36m23[0m  [36m(defn draw-arc [x y d beg end][0m
  [36m24[0m  [36m  (let [r (/ d 2)][0m
  [36m25[0m  [36m    (q/arc x y d d (q/radians beg) (q/radians end))[0m
  [36m26[0m  [36m    (q/line x y (parametric-x x r beg) (parametric-y y r beg))[0m
  [33m27[0m  [1m    (q/line x y (parametric-x x r end) (parametric-y y r end))))[0m
  [0m  [0m  [33m                                        ^--- Use of undeclared Var circle-of-fifths.core/parametric-y[0m
  [36m28[0m  [36m[0m
  [36m29[0m  [36m(defn draw-state [state][0m
  [36m30[0m  [36m  (q/background 240)[0m
  [36m31[0m  [36m  (q/fill 100 100 100)[0m
  [36m32[0m  [36m  (draw-arc (/ canvas-width 2) (/ canvas-height 2) circle-diameter 0 30))[0m

[36m----  Compiler Warning : Please see src/circle_of_fifths/core.cljs  ----[0m
[32mSuccessfully compiled "resources/public/cljs/main.js" in 0.217 seconds.[0m
notifying browser that file changed:  resources/public/cljs/out/cljs_deps.js
notifying browser that file changed:  out/circle_of_fifths/core.js
[0mCompiling "resources/public/cljs/main.js" from ["src"]...[0m
[32mSuccessfully compiled "resources/public/cljs/main.js" in 0.145 seconds.[0m
notifying browser that file changed:  resources/public/cljs/out/cljs_deps.js
notifying browser that file changed:  out/circle_of_fifths/core.js
[0mCompiling "resources/public/cljs/main.js" from ["src"]...[0m
[36m----  Compiler Warning on   src/circle_of_fifths/core.cljs   line:40  column:10  ----[0m

  [1mUse of undeclared Var circle-of-fifths.core/end-angles[0m

  [36m36[0m  [36m    (q/line x y (parametric-x x r end) (parametric-y y r end))))[0m
  [36m37[0m  [36m[0m
  [36m38[0m  [36m(defn draw-12-arcs [x y d][0m
  [36m39[0m  [36m  (let* [beg-angles (map (partial * 30) (take 12 (range)))][0m
  [33m40[0m  [1m        [end-angles (map (partial + 30) beg-angles)][0m
  [0m  [0m  [33m         ^--- Use of undeclared Var circle-of-fifths.core/end-angles[0m
  [36m41[0m  [36m    (map (partial draw-arc x y d) beg-angles end-angles)))[0m
  [36m42[0m  [36m[0m
  [36m43[0m  [36m(defn draw-state [state][0m
  [36m44[0m  [36m  (q/background 240)[0m
  [36m45[0m  [36m  (q/fill 100 100 100)[0m

[36m----  Compiler Warning : Please see src/circle_of_fifths/core.cljs  ----[0m
[36m----  Compiler Warning on   src/circle_of_fifths/core.cljs   line:41  column:46  ----[0m

  [1mUse of undeclared Var circle-of-fifths.core/end-angles[0m

  [36m38[0m  [36m(defn draw-12-arcs [x y d][0m
  [36m39[0m  [36m  (let* [beg-angles (map (partial * 30) (take 12 (range)))][0m
  [36m40[0m  [36m        [end-angles (map (partial + 30) beg-angles)][0m
  [33m41[0m  [1m    (map (partial draw-arc x y d) beg-angles end-angles)))[0m
  [0m  [0m  [33m                                             ^--- Use of undeclared Var circle-of-fifths.core/end-angles[0m
  [36m42[0m  [36m[0m
  [36m43[0m  [36m(defn draw-state [state][0m
  [36m44[0m  [36m  (q/background 240)[0m
  [36m45[0m  [36m  (q/fill 100 100 100)[0m
  [36m46[0m  [36m  (draw-arc (/ canvas-width 2) (/ canvas-height 2) circle-diameter 0 30))[0m

[36m----  Compiler Warning : Please see src/circle_of_fifths/core.cljs  ----[0m
[32mSuccessfully compiled "resources/public/cljs/main.js" in 0.21 seconds.[0m
notifying browser that file changed:  out/circle_of_fifths/core.js
[0mCompiling "resources/public/cljs/main.js" from ["src"]...[0m
[36m----  Compiler Warning on   src/circle_of_fifths/core.cljs   line:40  column:10  ----[0m

  [1mUse of undeclared Var circle-of-fifths.core/end-angles[0m

  [36m36[0m  [36m    (q/line x y (parametric-x x r end) (parametric-y y r end))))[0m
  [36m37[0m  [36m[0m
  [36m38[0m  [36m(defn draw-12-arcs [x y d][0m
  [36m39[0m  [36m  (let* [beg-angles (map (partial * 30) (take 12 (range)))][0m
  [33m40[0m  [1m        [end-angles (map (partial + 30) beg-angles)][0m
  [0m  [0m  [33m         ^--- Use of undeclared Var circle-of-fifths.core/end-angles[0m
  [36m41[0m  [36m    (map (partial draw-arc x y d) beg-angles end-angles)))[0m
  [36m42[0m  [36m[0m
  [36m43[0m  [36m(defn draw-state [state][0m
  [36m44[0m  [36m  (q/background 240)[0m
  [36m45[0m  [36m  (q/fill 100 100 100)[0m

[36m----  Compiler Warning : Please see src/circle_of_fifths/core.cljs  ----[0m
[36m----  Compiler Warning on   src/circle_of_fifths/core.cljs   line:41  column:46  ----[0m

  [1mUse of undeclared Var circle-of-fifths.core/end-angles[0m

  [36m38[0m  [36m(defn draw-12-arcs [x y d][0m
  [36m39[0m  [36m  (let* [beg-angles (map (partial * 30) (take 12 (range)))][0m
  [36m40[0m  [36m        [end-angles (map (partial + 30) beg-angles)][0m
  [33m41[0m  [1m    (map (partial draw-arc x y d) beg-angles end-angles)))[0m
  [0m  [0m  [33m                                             ^--- Use of undeclared Var circle-of-fifths.core/end-angles[0m
  [36m42[0m  [36m[0m
  [36m43[0m  [36m(defn draw-state [state][0m
  [36m44[0m  [36m  (q/background 240)[0m
  [36m45[0m  [36m  (q/fill 100 100 100)[0m
  [36m46[0m  [36m  (draw-12-arcs (/ canvas-width 2) (/ canvas-height 2) circle-diameter))[0m

[36m----  Compiler Warning : Please see src/circle_of_fifths/core.cljs  ----[0m
[32mSuccessfully compiled "resources/public/cljs/main.js" in 0.186 seconds.[0m
notifying browser that file changed:  resources/public/cljs/out/cljs_deps.js
notifying browser that file changed:  out/circle_of_fifths/core.js
[0mCompiling "resources/public/cljs/main.js" from ["src"]...[0m
[32mSuccessfully compiled "resources/public/cljs/main.js" in 0.146 seconds.[0m
notifying browser that file changed:  resources/public/cljs/out/cljs_deps.js
notifying browser that file changed:  out/circle_of_fifths/core.js
[0mCompiling "resources/public/cljs/main.js" from ["src"]...[0m
[32mSuccessfully compiled "resources/public/cljs/main.js" in 0.143 seconds.[0m
notifying browser that file changed:  resources/public/cljs/out/cljs_deps.js
notifying browser that file changed:  out/circle_of_fifths/core.js
[0mCompiling "resources/public/cljs/main.js" from ["src"]...[0m
[32mSuccessfully compiled "resources/public/cljs/main.js" in 0.141 seconds.[0m
notifying browser that file changed:  out/circle_of_fifths/core.js
[0mCompiling "resources/public/cljs/main.js" from ["src"]...[0m
[32mSuccessfully compiled "resources/public/cljs/main.js" in 0.14 seconds.[0m
notifying browser that file changed:  out/circle_of_fifths/core.js
[0mCompiling "resources/public/cljs/main.js" from ["src"]...[0m
[32mSuccessfully compiled "resources/public/cljs/main.js" in 0.143 seconds.[0m
notifying browser that file changed:  resources/public/cljs/out/cljs_deps.js
notifying browser that file changed:  out/circle_of_fifths/core.js
[0mCompiling "resources/public/cljs/main.js" from ["src"]...[0m
[32mSuccessfully compiled "resources/public/cljs/main.js" in 0.167 seconds.[0m
notifying browser that file changed:  resources/public/cljs/out/cljs_deps.js
notifying browser that file changed:  out/circle_of_fifths/core.js
[0mCompiling "resources/public/cljs/main.js" from ["src"]...[0m
[32mSuccessfully compiled "resources/public/cljs/main.js" in 0.137 seconds.[0m
notifying browser that file changed:  out/circle_of_fifths/core.js
[0mCompiling "resources/public/cljs/main.js" from ["src"]...[0m
[32mSuccessfully compiled "resources/public/cljs/main.js" in 0.212 seconds.[0m
notifying browser that file changed:  resources/public/cljs/out/cljs_deps.js
notifying browser that file changed:  out/circle_of_fifths/core.js
[0mCompiling "resources/public/cljs/main.js" from ["src"]...[0m
[32mSuccessfully compiled "resources/public/cljs/main.js" in 0.214 seconds.[0m
notifying browser that file changed:  resources/public/cljs/out/cljs_deps.js
notifying browser that file changed:  out/circle_of_fifths/core.js
[0mCompiling "resources/public/cljs/main.js" from ["src"]...[0m
[36m----  Compiler Warning on   src/circle_of_fifths/core.cljs   line:42  column:13  ----[0m

  [1mWrong number of args (4) passed to circle-of-fifths.core/draw-arc[0m

  [36m39[0m  [36m(defn draw-12-arcs [x y d][0m
  [36m40[0m  [36m  (let [beg-angles (range 0 331 30)[0m
  [36m41[0m  [36m        end-angles (range 30 361 30)][0m
  [33m42[0m  [1m    (apply #(draw-arc x y d 30) [60])))[0m
  [0m  [0m  [33m            ^--- Wrong number of args (4) passed to circle-of-fifths.core/draw-arc[0m
  [36m43[0m  [36m[0m
  [36m44[0m  [36m(defn draw-state [state][0m
  [36m45[0m  [36m  (q/background 240)[0m
  [36m46[0m  [36m  (q/fill 100 100 100)[0m
  [36m47[0m  [36m  (draw-12-arcs (/ canvas-width 2) (/ canvas-height 2) circle-diameter))[0m

[36m----  Compiler Warning : Please see src/circle_of_fifths/core.cljs  ----[0m
[32mSuccessfully compiled "resources/public/cljs/main.js" in 0.159 seconds.[0m
notifying browser that file changed:  resources/public/cljs/out/cljs_deps.js
notifying browser that file changed:  out/circle_of_fifths/core.js
[0mCompiling "resources/public/cljs/main.js" from ["src"]...[0m
[32mSuccessfully compiled "resources/public/cljs/main.js" in 0.141 seconds.[0m
notifying browser that file changed:  out/circle_of_fifths/core.js
[0mCompiling "resources/public/cljs/main.js" from ["src"]...[0m
[32mSuccessfully compiled "resources/public/cljs/main.js" in 0.167 seconds.[0m
notifying browser that file changed:  resources/public/cljs/out/cljs_deps.js
notifying browser that file changed:  out/circle_of_fifths/core.js
[0mCompiling "resources/public/cljs/main.js" from ["src"]...[0m
[32mSuccessfully compiled "resources/public/cljs/main.js" in 0.144 seconds.[0m
notifying browser that file changed:  out/circle_of_fifths/core.js
[0mCompiling "resources/public/cljs/main.js" from ["src"]...[0m
[36m----  Compiler Warning on   src/circle_of_fifths/core.cljs   line:42  column:11  ----[0m

  [1mWrong number of args (4) passed to circle-of-fifths.core/draw-arc[0m

  [36m39[0m  [36m(defn draw-12-arcs [x y d][0m
  [36m40[0m  [36m  (let [beg-angles (range 0 331 30)[0m
  [36m41[0m  [36m        end-angles (range 30 361 30)][0m
  [33m42[0m  [1m    (map #(draw-arc x y d %1) beg-angles)))[0m
  [0m  [0m  [33m          ^--- Wrong number of args (4) passed to circle-of-fifths.core/draw-arc[0m
  [36m43[0m  [36m[0m
  [36m44[0m  [36m(defn draw-state [state][0m
  [36m45[0m  [36m  (q/background 240)[0m
  [36m46[0m  [36m  (q/fill 100 100 100)[0m
  [36m47[0m  [36m  (draw-12-arcs (/ canvas-width 2) (/ canvas-height 2) circle-diameter))[0m

[36m----  Compiler Warning : Please see src/circle_of_fifths/core.cljs  ----[0m
[32mSuccessfully compiled "resources/public/cljs/main.js" in 0.156 seconds.[0m
notifying browser that file changed:  resources/public/cljs/out/cljs_deps.js
notifying browser that file changed:  out/circle_of_fifths/core.js
[0mCompiling "resources/public/cljs/main.js" from ["src"]...[0m
[32mSuccessfully compiled "resources/public/cljs/main.js" in 0.14 seconds.[0m
notifying browser that file changed:  out/circle_of_fifths/core.js
[0mCompiling "resources/public/cljs/main.js" from ["src"]...[0m
[32mSuccessfully compiled "resources/public/cljs/main.js" in 0.14 seconds.[0m
notifying browser that file changed:  resources/public/cljs/out/cljs_deps.js
notifying browser that file changed:  out/circle_of_fifths/core.js
[0mCompiling "resources/public/cljs/main.js" from ["src"]...[0m
[32mSuccessfully compiled "resources/public/cljs/main.js" in 0.14 seconds.[0m
notifying browser that file changed:  out/circle_of_fifths/core.js
[0mCompiling "resources/public/cljs/main.js" from ["src"]...[0m
[32mSuccessfully compiled "resources/public/cljs/main.js" in 0.142 seconds.[0m
notifying browser that file changed:  out/circle_of_fifths/core.js
[0mCompiling "resources/public/cljs/main.js" from ["src"]...[0m
[32mSuccessfully compiled "resources/public/cljs/main.js" in 0.157 seconds.[0m
notifying browser that file changed:  out/circle_of_fifths/core.js
[0mCompiling "resources/public/cljs/main.js" from ["src"]...[0m
[32mSuccessfully compiled "resources/public/cljs/main.js" in 0.138 seconds.[0m
notifying browser that file changed:  resources/public/cljs/out/cljs_deps.js
notifying browser that file changed:  out/circle_of_fifths/core.js
[0mCompiling "resources/public/cljs/main.js" from ["src"]...[0m
[32mSuccessfully compiled "resources/public/cljs/main.js" in 0.144 seconds.[0m
notifying browser that file changed:  out/circle_of_fifths/core.js
[0mCompiling "resources/public/cljs/main.js" from ["src"]...[0m
[31mFailed to compile "resources/public/cljs/main.js" in 0.071 seconds.[0m
[36m----  Could not Read  src/circle_of_fifths/core.cljs   line:45  column:60  ----[0m

  [1mUnmatched delimiter )[0m

  [36m43[0m  [36m  (let [beg-angles (range 0 331 30)[0m
  [36m44[0m  [36m        end-angles (range 30 361 30)][0m
  [33m45[0m  [1m    (map (partial draw-arc x y d) beg-angles end-angles))))[0m
  [0m  [0m  [33m                                                           ^--- Unmatched delimiter )[0m
  [36m46[0m  [36m[0m
  [36m47[0m  [36m(defn draw-state [state][0m
  [36m48[0m  [36m  (q/background 240)[0m

[36m----  Reader Error : Please see src/circle_of_fifths/core.cljs  ----[0m
[0mCompiling "resources/public/cljs/main.js" from ["src"]...[0m
[32mSuccessfully compiled "resources/public/cljs/main.js" in 0.138 seconds.[0m
notifying browser that file changed:  out/circle_of_fifths/core.js
[0mCompiling "resources/public/cljs/main.js" from ["src"]...[0m
[32mSuccessfully compiled "resources/public/cljs/main.js" in 0.139 seconds.[0m
notifying browser that file changed:  out/circle_of_fifths/core.js
[0mCompiling "resources/public/cljs/main.js" from ["src"]...[0m
[32mSuccessfully compiled "resources/public/cljs/main.js" in 0.149 seconds.[0m
notifying browser that file changed:  resources/public/cljs/out/cljs_deps.js
notifying browser that file changed:  out/circle_of_fifths/core.js
[0mCompiling "resources/public/cljs/main.js" from ["src"]...[0m
[32mSuccessfully compiled "resources/public/cljs/main.js" in 0.142 seconds.[0m
notifying browser that file changed:  resources/public/cljs/out/cljs_deps.js
notifying browser that file changed:  out/circle_of_fifths/core.js
[0mCompiling "resources/public/cljs/main.js" from ["src"]...[0m
[32mSuccessfully compiled "resources/public/cljs/main.js" in 0.141 seconds.[0m
notifying browser that file changed:  resources/public/cljs/out/cljs_deps.js
notifying browser that file changed:  out/circle_of_fifths/core.js
[0mCompiling "resources/public/cljs/main.js" from ["src"]...[0m
[32mSuccessfully compiled "resources/public/cljs/main.js" in 0.141 seconds.[0m
notifying browser that file changed:  out/circle_of_fifths/core.js
[0mCompiling "resources/public/cljs/main.js" from ["src"]...[0m
[31mFailed to compile "resources/public/cljs/main.js" in 0.07 seconds.[0m
[36m----  Could not Read  src/circle_of_fifths/core.cljs   line:62  column:3  ----[0m

  [1mEOF while reading, starting at line 62 and column 3[0m

  [36m60[0m  [36m  (q/fill 0 0 0)[0m
  [36m61[0m  [36m  (draw-12-arcs x y note-circle-diameter)[0m
  [33m62[0m  [1m  ([0m
  [0m  [0m  [33m  ^--- EOF while reading, starting at line 62 and column 3[0m
  [36m63[0m  [36m  [0m
  [36m64[0m  [36m[0m
  [36m65[0m  [36m(defn draw-state [state][0m

[36m----  Reader Error : Please see src/circle_of_fifths/core.cljs  ----[0m
[0mCompiling "resources/public/cljs/main.js" from ["src"]...[0m
[31mFailed to compile "resources/public/cljs/main.js" in 0.069 seconds.[0m
[36m----  Could not Read  src/circle_of_fifths/core.cljs   line:62  column:3  ----[0m

  [1mEOF while reading, starting at line 62 and column 3[0m

  [36m60[0m  [36m  (q/fill 0 0 0)[0m
  [36m61[0m  [36m  (draw-12-arcs x y note-circle-diameter)[0m
  [33m62[0m  [1m  ([0m
  [0m  [0m  [33m  ^--- EOF while reading, starting at line 62 and column 3[0m
  [36m63[0m  [36m  [0m
  [36m64[0m  [36m[0m
  [36m65[0m  [36m(defn draw-state [state][0m

[36m----  Reader Error : Please see src/circle_of_fifths/core.cljs  ----[0m
[0mCompiling "resources/public/cljs/main.js" from ["src"]...[0m
[32mSuccessfully compiled "resources/public/cljs/main.js" in 0.145 seconds.[0m
notifying browser that file changed:  out/circle_of_fifths/core.js
[0mCompiling "resources/public/cljs/main.js" from ["src"]...[0m
[31mFailed to compile "resources/public/cljs/main.js" in 0.077 seconds.[0m
[36m----  Could not Analyze  src/circle_of_fifths/core.cljs   line:18  column:1  ----[0m

  [1mToo many arguments to def at line 18 /Users/sbkg563/Source/circle-of-fifths/src/circle_of_fifths/core.cljs[0m

  [36m16[0m  [36m;;;; Strings[0m
  [36m17[0m  [36m[0m
  [33m18[0m  [1m(def notes 10 (cycle ["A" "Bb" "B" "C" "Db" "D" "Eb" "E" "F" "Gb" "G" "Ab"]))[0m
  [0m  [0m  [33m^--- Too many arguments to def at line 18 /Users/sbkg563/Source/circle-of-fifths/src/circle_of_fifths/core.cljs[0m

[36m----  Analysis Error : Please see src/circle_of_fifths/core.cljs  ----[0m
[0mCompiling "resources/public/cljs/main.js" from ["src"]...[0m
[36m----  Compiler Warning on   src/circle_of_fifths/core.cljs   line:18  column:12  ----[0m

  [1mWrong number of args (2) passed to cljs.core/cycle[0m

  [36m16[0m  [36m;;;; Strings[0m
  [36m17[0m  [36m[0m
  [33m18[0m  [1m(def notes (cycle 10 ["A" "Bb" "B" "C" "Db" "D" "Eb" "E" "F" "Gb" "G" "Ab"]))[0m
  [0m  [0m  [33m           ^--- Wrong number of args (2) passed to cljs.core/cycle[0m
  [36m19[0m  [36m[0m
  [36m20[0m  [36m[0m
  [36m21[0m  [36m[0m
  [36m22[0m  [36m;;;; Intervals[0m

[36m----  Compiler Warning : Please see src/circle_of_fifths/core.cljs  ----[0m
[31mFailed to compile "resources/public/cljs/main.js" in 0.087 seconds.[0m
[36m----  Could not Read  src/circle_of_fifths/core.cljs   line:25  column:3  ----[0m

  [1mEOF while reading, starting at line 25 and column 3[0m

  [36m24[0m  [36m(def fifth [n][0m
  [33m25[0m  [1m  ([0m
  [0m  [0m  [33m  ^--- EOF while reading, starting at line 25 and column 3[0m

[36m----  Reader Error : Please see src/circle_of_fifths/core.cljs  ----[0m
[0mCompiling "resources/public/cljs/main.js" from ["src"]...[0m
[36m----  Compiler Warning on   src/circle_of_fifths/core.cljs   line:18  column:12  ----[0m

  [1mWrong number of args (2) passed to cljs.core/cycle[0m

  [36m16[0m  [36m;;;; Strings[0m
  [36m17[0m  [36m[0m
  [33m18[0m  [1m(def notes (cycle 10 ["A" "Bb" "B" "C" "Db" "D" "Eb" "E" "F" "Gb" "G" "Ab"]))[0m
  [0m  [0m  [33m           ^--- Wrong number of args (2) passed to cljs.core/cycle[0m
  [36m19[0m  [36m[0m
  [36m20[0m  [36m[0m
  [36m21[0m  [36m[0m
  [36m22[0m  [36m;;;; Intervals[0m

[36m----  Compiler Warning : Please see src/circle_of_fifths/core.cljs  ----[0m
[32mSuccessfully compiled "resources/public/cljs/main.js" in 0.165 seconds.[0m
notifying browser that file changed:  resources/public/cljs/out/goog/deps.js
notifying browser that file changed:  resources/public/cljs/out/cljs_deps.js
notifying browser that file changed:  out/circle_of_fifths/core.js
[0mCompiling "resources/public/cljs/main.js" from ["src"]...[0m
[32mSuccessfully compiled "resources/public/cljs/main.js" in 0.161 seconds.[0m
notifying browser that file changed:  out/circle_of_fifths/core.js
[0mCompiling "resources/public/cljs/main.js" from ["src"]...[0m
[32mSuccessfully compiled "resources/public/cljs/main.js" in 0.157 seconds.[0m
notifying browser that file changed:  out/circle_of_fifths/core.js
[0mCompiling "resources/public/cljs/main.js" from ["src"]...[0m
[31mFailed to compile "resources/public/cljs/main.js" in 0.062 seconds.[0m
[36m----  Could not Analyze  src/circle_of_fifths/core.cljs   line:24  column:1  ----[0m

  [1mToo many arguments to def at line 24 /Users/sbkg563/Source/circle-of-fifths/src/circle_of_fifths/core.cljs[0m

  [36m22[0m  [36m;;;; Intervals[0m
  [36m23[0m  [36m[0m
  [33m24[0m  [1m(def fifth [n][0m
  [0m  [0m  [33m^--- Too many arguments to def at line 24 /Users/sbkg563/Source/circle-of-fifths/src/circle_of_fifths/core.cljs[0m
  [36m25[0m  [36m  (nth notes (+ 5 (.indexOf notes n))))[0m

[36m----  Analysis Error : Please see src/circle_of_fifths/core.cljs  ----[0m
[0mCompiling "resources/public/cljs/main.js" from ["src"]...[0m
[32mSuccessfully compiled "resources/public/cljs/main.js" in 0.176 seconds.[0m
notifying browser that file changed:  out/circle_of_fifths/core.js
[0mCompiling "resources/public/cljs/main.js" from ["src"]...[0m
[32mSuccessfully compiled "resources/public/cljs/main.js" in 0.152 seconds.[0m
notifying browser that file changed:  out/circle_of_fifths/core.js
[0mCompiling "resources/public/cljs/main.js" from ["src"]...[0m
[32mSuccessfully compiled "resources/public/cljs/main.js" in 0.146 seconds.[0m
notifying browser that file changed:  out/circle_of_fifths/core.js
[0mCompiling "resources/public/cljs/main.js" from ["src"]...[0m
[32mSuccessfully compiled "resources/public/cljs/main.js" in 0.148 seconds.[0m
notifying browser that file changed:  out/circle_of_fifths/core.js
[0mCompiling "resources/public/cljs/main.js" from ["src"]...[0m
[36m----  Compiler Warning on   src/circle_of_fifths/core.cljs   line:24  column:1  ----[0m

  [1mUse of undeclared Var circle-of-fifths.core/j[0m

  [36m21[0m  [36m;;;; Intervals[0m
  [36m22[0m  [36m(defn maj-second [n][0m
  [36m23[0m  [36m  (nth notes (+ 2 (.indexOf notes n))))[0m
  [33m24[0m  [1mj[0m
  [0m  [0m  [33m^--- Use of undeclared Var circle-of-fifths.core/j[0m
  [36m25[0m  [36m(defn maj-third [n][0m
  [36m26[0m  [36m  (nth notes (+ 4 (.indexOf notes n))))[0m
  [36m27[0m  [36m[0m
  [36m28[0m  [36m(defn fourth [n][0m
  [36m29[0m  [36m  (nth notes (+ 5 (.indexOf notes n))))[0m

[36m----  Compiler Warning : Please see src/circle_of_fifths/core.cljs  ----[0m
[32mSuccessfully compiled "resources/public/cljs/main.js" in 0.164 seconds.[0m
notifying browser that file changed:  out/circle_of_fifths/core.js
[0mCompiling "resources/public/cljs/main.js" from ["src"]...[0m
[32mSuccessfully compiled "resources/public/cljs/main.js" in 0.151 seconds.[0m
notifying browser that file changed:  out/circle_of_fifths/core.js
[0mCompiling "resources/public/cljs/main.js" from ["src"]...[0m
[31mFailed to compile "resources/public/cljs/main.js" in 0.06 seconds.[0m
[36m----  Could not Read  src/circle_of_fifths/core.cljs   line:19  column:3  ----[0m

  [1mEOF while reading, starting at line 19 and column 3[0m

  [36m18[0m  [36m(defn take-rest [n][0m
  [33m19[0m  [1m  ([0m
  [0m  [0m  [33m  ^--- EOF while reading, starting at line 19 and column 3[0m
  [36m20[0m  [36m[0m
  [36m21[0m  [36m(def notes (take 88 (cycle ["A" "Bb" "B" "C" "Db" "D" "Eb" "E" "F" "Gb" "G" "Ab"])))[0m

[36m----  Reader Error : Please see src/circle_of_fifths/core.cljs  ----[0m
[0mCompiling "resources/public/cljs/main.js" from ["src"]...[0m
[32mSuccessfully compiled "resources/public/cljs/main.js" in 0.175 seconds.[0m
notifying browser that file changed:  out/circle_of_fifths/core.js
[0mCompiling "resources/public/cljs/main.js" from ["src"]...[0m
[32mSuccessfully compiled "resources/public/cljs/main.js" in 0.156 seconds.[0m
notifying browser that file changed:  resources/public/cljs/out/cljs_deps.js
notifying browser that file changed:  out/circle_of_fifths/core.js
[0mCompiling "resources/public/cljs/main.js" from ["src"]...[0m
[32mSuccessfully compiled "resources/public/cljs/main.js" in 0.149 seconds.[0m
notifying browser that file changed:  resources/public/cljs/out/cljs_deps.js
notifying browser that file changed:  out/circle_of_fifths/core.js
[0mCompiling "resources/public/cljs/main.js" from ["src"]...[0m
[32mSuccessfully compiled "resources/public/cljs/main.js" in 0.148 seconds.[0m
notifying browser that file changed:  out/circle_of_fifths/core.js
[0mCompiling "resources/public/cljs/main.js" from ["src"]...[0m
[36m----  Compiler Warning on   src/circle_of_fifths/core.cljs   line:39  column:15  ----[0m

  [1mUse of undeclared Var circle-of-fifths.core/n2[0m

  [36m35[0m  [36m(defn fifth [n][0m
  [36m36[0m  [36m  (interval 7 n))[0m
  [36m37[0m  [36m[0m
  [36m38[0m  [36m(defn octave [n][0m
  [33m39[0m  [1m  (interval 1 n2))[0m
  [0m  [0m  [33m              ^--- Use of undeclared Var circle-of-fifths.core/n2[0m
  [36m40[0m  [36m[0m
  [36m41[0m  [36m[0m
  [36m42[0m  [36m;; GLOBALS[0m
  [36m43[0m  [36m[0m
  [36m44[0m  [36m(def canvas-width 1600)[0m

[36m----  Compiler Warning : Please see src/circle_of_fifths/core.cljs  ----[0m
[32mSuccessfully compiled "resources/public/cljs/main.js" in 0.162 seconds.[0m
notifying browser that file changed:  out/circle_of_fifths/core.js
[0mCompiling "resources/public/cljs/main.js" from ["src"]...[0m
[32mSuccessfully compiled "resources/public/cljs/main.js" in 0.146 seconds.[0m
notifying browser that file changed:  out/circle_of_fifths/core.js
[0mCompiling "resources/public/cljs/main.js" from ["src"]...[0m
[36m----  Compiler Warning on   src/circle_of_fifths/core.cljs   line:78  column:3  ----[0m

  [1mWrong number of args (2) passed to quil.core/text[0m

  [36m74[0m  [36m  (let [notes (take 12 (iterate fifth "C"))][0m
  [36m75[0m  [36m  (q/fill 0 0 0)[0m
  [36m76[0m  [36m  (draw-12-arcs x y note-circle-diameter)[0m
  [36m77[0m  [36m  (q/text-font "sans-serif" 20)[0m
  [33m78[0m  [1m  (q/text (first notes) (parametric-x x note-circle-diameter 0))))[0m
  [0m  [0m  [33m  ^--- Wrong number of args (2) passed to quil.core/text[0m
  [36m79[0m  [36m  [0m
  [36m80[0m  [36m[0m
  [36m81[0m  [36m(defn draw-state [state][0m
  [36m82[0m  [36m  (q/background 240)[0m
  [36m83[0m  [36m  (q/fill 100 100 100)[0m

[36m----  Compiler Warning : Please see src/circle_of_fifths/core.cljs  ----[0m
[32mSuccessfully compiled "resources/public/cljs/main.js" in 0.164 seconds.[0m
notifying browser that file changed:  out/circle_of_fifths/core.js
[0mCompiling "resources/public/cljs/main.js" from ["src"]...[0m
[32mSuccessfully compiled "resources/public/cljs/main.js" in 0.154 seconds.[0m
notifying browser that file changed:  resources/public/cljs/out/cljs_deps.js
notifying browser that file changed:  out/circle_of_fifths/core.js
[0mCompiling "resources/public/cljs/main.js" from ["src"]...[0m
[32mSuccessfully compiled "resources/public/cljs/main.js" in 0.177 seconds.[0m
notifying browser that file changed:  resources/public/cljs/out/cljs_deps.js
notifying browser that file changed:  out/circle_of_fifths/core.js
[0mCompiling "resources/public/cljs/main.js" from ["src"]...[0m
[32mSuccessfully compiled "resources/public/cljs/main.js" in 0.154 seconds.[0m
notifying browser that file changed:  out/circle_of_fifths/core.js
[0mCompiling "resources/public/cljs/main.js" from ["src"]...[0m
[32mSuccessfully compiled "resources/public/cljs/main.js" in 0.153 seconds.[0m
notifying browser that file changed:  out/circle_of_fifths/core.js
[0mCompiling "resources/public/cljs/main.js" from ["src"]...[0m
[32mSuccessfully compiled "resources/public/cljs/main.js" in 0.153 seconds.[0m
notifying browser that file changed:  out/circle_of_fifths/core.js
[0mCompiling "resources/public/cljs/main.js" from ["src"]...[0m
[32mSuccessfully compiled "resources/public/cljs/main.js" in 0.153 seconds.[0m
notifying browser that file changed:  out/circle_of_fifths/core.js
[0mCompiling "resources/public/cljs/main.js" from ["src"]...[0m
[32mSuccessfully compiled "resources/public/cljs/main.js" in 0.153 seconds.[0m
notifying browser that file changed:  resources/public/cljs/out/cljs_deps.js
notifying browser that file changed:  out/circle_of_fifths/core.js
[0mCompiling "resources/public/cljs/main.js" from ["src"]...[0m
[32mSuccessfully compiled "resources/public/cljs/main.js" in 0.154 seconds.[0m
notifying browser that file changed:  resources/public/cljs/out/cljs_deps.js
notifying browser that file changed:  out/circle_of_fifths/core.js
[0mCompiling "resources/public/cljs/main.js" from ["src"]...[0m
[32mSuccessfully compiled "resources/public/cljs/main.js" in 0.175 seconds.[0m
notifying browser that file changed:  out/circle_of_fifths/core.js
[0mCompiling "resources/public/cljs/main.js" from ["src"]...[0m
[32mSuccessfully compiled "resources/public/cljs/main.js" in 0.154 seconds.[0m
notifying browser that file changed:  resources/public/cljs/out/cljs_deps.js
notifying browser that file changed:  out/circle_of_fifths/core.js
[0mCompiling "resources/public/cljs/main.js" from ["src"]...[0m
[32mSuccessfully compiled "resources/public/cljs/main.js" in 0.153 seconds.[0m
notifying browser that file changed:  out/circle_of_fifths/core.js
[0mCompiling "resources/public/cljs/main.js" from ["src"]...[0m
[32mSuccessfully compiled "resources/public/cljs/main.js" in 0.155 seconds.[0m
notifying browser that file changed:  out/circle_of_fifths/core.js
[0mCompiling "resources/public/cljs/main.js" from ["src"]...[0m
[32mSuccessfully compiled "resources/public/cljs/main.js" in 0.152 seconds.[0m
notifying browser that file changed:  resources/public/cljs/out/cljs_deps.js
notifying browser that file changed:  out/circle_of_fifths/core.js
[0mCompiling "resources/public/cljs/main.js" from ["src"]...[0m
[32mSuccessfully compiled "resources/public/cljs/main.js" in 0.155 seconds.[0m
notifying browser that file changed:  out/circle_of_fifths/core.js
[0mCompiling "resources/public/cljs/main.js" from ["src"]...[0m
[32mSuccessfully compiled "resources/public/cljs/main.js" in 0.157 seconds.[0m
notifying browser that file changed:  out/circle_of_fifths/core.js
[0mCompiling "resources/public/cljs/main.js" from ["src"]...[0m
[32mSuccessfully compiled "resources/public/cljs/main.js" in 0.161 seconds.[0m
notifying browser that file changed:  out/circle_of_fifths/core.js
[0mCompiling "resources/public/cljs/main.js" from ["src"]...[0m
[31mFailed to compile "resources/public/cljs/main.js" in 0.083 seconds.[0m
[36m----  Could not Read  src/circle_of_fifths/core.cljs   line:76  column:57  ----[0m

  [1mUnmatched delimiter )[0m

  [36m75[0m  [36m(defn draw-note [x y r a n][0m
  [33m76[0m  [1m  (q/text n (parametric-x x r a) (parametric-y y r a))))[0m
  [0m  [0m  [33m                                                        ^--- Unmatched delimiter )[0m
  [36m77[0m  [36m[0m
  [36m78[0m  [36m[0m
  [36m79[0m  [36m(defn draw-12-notes [x y d][0m

[36m----  Reader Error : Please see src/circle_of_fifths/core.cljs  ----[0m
[0mCompiling "resources/public/cljs/main.js" from ["src"]...[0m
[31mFailed to compile "resources/public/cljs/main.js" in 0.083 seconds.[0m
[36m----  Could not Read  src/circle_of_fifths/core.cljs   line:88  column:1  ----[0m

  [1mEOF while reading, starting at line 88 and column 1[0m

  [36m86[0m  [36m  (dorun (map (partial draw-note x y r) angles notes))))[0m
  [36m87[0m  [36m[0m
  [33m88[0m  [1m(defn draw-note-circle [x y d][0m
  [0m  [0m  [33m^--- EOF while reading, starting at line 88 and column 1[0m
  [36m89[0m  [36m  (draw-12-arcs x y d)[0m
  [36m90[0m  [36m  (draw-12-notes x y d)[0m

[36m----  Reader Error : Please see src/circle_of_fifths/core.cljs  ----[0m
[0mCompiling "resources/public/cljs/main.js" from ["src"]...[0m
[36m----  Compiler Warning on   src/circle_of_fifths/core.cljs   line:95  column:3  ----[0m

  [1mWrong number of args (2) passed to circle-of-fifths.core/draw-note-circle[0m

  [36m 92[0m  [36m(defn draw-state [state][0m
  [36m 93[0m  [36m  (q/background 240)[0m
  [36m 94[0m  [36m  (q/fill 100 100 100)[0m
  [33m 95[0m  [1m  (draw-note-circle (/ canvas-width 2) (/ canvas-height 2)))[0m
  [0m   [0m  [33m  ^--- Wrong number of args (2) passed to circle-of-fifths.core/draw-note-circle[0m
  [36m 96[0m  [36m[0m
  [36m 97[0m  [36m[0m
  [36m 98[0m  [36m;; Main Function[0m
  [36m 99[0m  [36m[0m
  [36m100[0m  [36m(q/defsketch my[0m

[36m----  Compiler Warning : Please see src/circle_of_fifths/core.cljs  ----[0m
[32mSuccessfully compiled "resources/public/cljs/main.js" in 0.179 seconds.[0m
notifying browser that file changed:  out/circle_of_fifths/core.js
[0mCompiling "resources/public/cljs/main.js" from ["src"]...[0m
[32mSuccessfully compiled "resources/public/cljs/main.js" in 0.161 seconds.[0m
notifying browser that file changed:  resources/public/cljs/out/cljs_deps.js
notifying browser that file changed:  out/circle_of_fifths/core.js
[0mCompiling "resources/public/cljs/main.js" from ["src"]...[0m
[32mSuccessfully compiled "resources/public/cljs/main.js" in 0.158 seconds.[0m
notifying browser that file changed:  out/circle_of_fifths/core.js
[0mCompiling "resources/public/cljs/main.js" from ["src"]...[0m
[31mFailed to compile "resources/public/cljs/main.js" in 0.08 seconds.[0m
[36m----  Could not Read  src/circle_of_fifths/core.cljs   line:78  column:1  ----[0m

  [1mEOF while reading, starting at line 78 and column 1[0m

  [36m76[0m  [36m  (q/text n (parametric-x x r a) (parametric-y y r a)))[0m
  [36m77[0m  [36m[0m
  [33m78[0m  [1m(defn draw-12-notes [x y d][0m
  [0m  [0m  [33m^--- EOF while reading, starting at line 78 and column 1[0m
  [36m79[0m  [36m  (let [notes (take 12 (iterate fifth "C"))[0m
  [36m80[0m  [36m        angles (range -90 271 30)[0m
  [36m81[0m  [36m        r(/ d 2)][0m

[36m----  Reader Error : Please see src/circle_of_fifths/core.cljs  ----[0m
[0mCompiling "resources/public/cljs/main.js" from ["src"]...[0m
[32mSuccessfully compiled "resources/public/cljs/main.js" in 0.158 seconds.[0m
notifying browser that file changed:  out/circle_of_fifths/core.js
[0mCompiling "resources/public/cljs/main.js" from ["src"]...[0m
[32mSuccessfully compiled "resources/public/cljs/main.js" in 0.16 seconds.[0m
notifying browser that file changed:  resources/public/cljs/out/cljs_deps.js
notifying browser that file changed:  out/circle_of_fifths/core.js
[0mCompiling "resources/public/cljs/main.js" from ["src"]...[0m
[32mSuccessfully compiled "resources/public/cljs/main.js" in 0.153 seconds.[0m
notifying browser that file changed:  out/circle_of_fifths/core.js
[0mCompiling "resources/public/cljs/main.js" from ["src"]...[0m
[32mSuccessfully compiled "resources/public/cljs/main.js" in 0.156 seconds.[0m
notifying browser that file changed:  out/circle_of_fifths/core.js
[0mCompiling "resources/public/cljs/main.js" from ["src"]...[0m
[32mSuccessfully compiled "resources/public/cljs/main.js" in 0.155 seconds.[0m
notifying browser that file changed:  resources/public/cljs/out/cljs_deps.js
notifying browser that file changed:  out/circle_of_fifths/core.js
[0mCompiling "resources/public/cljs/main.js" from ["src"]...[0m
[32mSuccessfully compiled "resources/public/cljs/main.js" in 0.154 seconds.[0m
notifying browser that file changed:  out/circle_of_fifths/core.js
[0mCompiling "resources/public/cljs/main.js" from ["src"]...[0m
[31mFailed to compile "resources/public/cljs/main.js" in 0.08 seconds.[0m
[36m----  Could not Read  src/circle_of_fifths/core.cljs   line:75  column:1  ----[0m

  [1mEOF while reading, starting at line 75 and column 1[0m

  [36m73[0m  [36m  (dorun (map (partial draw-arc x y d) beg-angles end-angles))))[0m
  [36m74[0m  [36m[0m
  [33m75[0m  [1m(defn draw-note [x y r a n][0m
  [0m  [0m  [33m^--- EOF while reading, starting at line 75 and column 1[0m
  [36m76[0m  [36m  (let [x (parametric-x x r a)[0m
  [36m77[0m  [36m        y (parametric-y y r a)][0m
  [36m78[0m  [36m  (q/rotate (q/radians 30) x y)[0m

[36m----  Reader Error : Please see src/circle_of_fifths/core.cljs  ----[0m
[0mCompiling "resources/public/cljs/main.js" from ["src"]...[0m
[36m----  Compiler Warning on   src/circle_of_fifths/core.cljs   line:78  column:3  ----[0m

  [1mWrong number of args (3) passed to quil.core/rotate[0m

  [36m75[0m  [36m(defn draw-note [x y r a n][0m
  [36m76[0m  [36m  (let [x (parametric-x x r a)[0m
  [36m77[0m  [36m        y (parametric-y y r a)][0m
  [33m78[0m  [1m  (q/rotate (q/radians 30) x y)[0m
  [0m  [0m  [33m  ^--- Wrong number of args (3) passed to quil.core/rotate[0m
  [36m79[0m  [36m  (q/text n x y)))[0m
  [36m80[0m  [36m[0m
  [36m81[0m  [36m(defn draw-12-notes [x y d][0m
  [36m82[0m  [36m  (let [notes (take 12 (iterate fifth "C"))[0m
  [36m83[0m  [36m        angles (range -90 271 30)[0m

[36m----  Compiler Warning : Please see src/circle_of_fifths/core.cljs  ----[0m
[32mSuccessfully compiled "resources/public/cljs/main.js" in 0.182 seconds.[0m
notifying browser that file changed:  out/circle_of_fifths/core.js
[0mCompiling "resources/public/cljs/main.js" from ["src"]...[0m
[32mSuccessfully compiled "resources/public/cljs/main.js" in 0.17 seconds.[0m
notifying browser that file changed:  resources/public/cljs/out/cljs_deps.js
notifying browser that file changed:  out/circle_of_fifths/core.js
[0mCompiling "resources/public/cljs/main.js" from ["src"]...[0m
[36m----  Compiler Warning on   src/circle_of_fifths/core.cljs   line:78  column:20  ----[0m

  [1mWrong number of args (2) passed to quil.core/radians[0m

  [36m75[0m  [36m(defn draw-note [x y r a n][0m
  [36m76[0m  [36m  (let [x (parametric-x x r a)[0m
  [36m77[0m  [36m        y (parametric-y y r a)][0m
  [33m78[0m  [1m  (q/with-rotation (q/radians a (q/text n x y)))))[0m
  [0m  [0m  [33m                   ^--- Wrong number of args (2) passed to quil.core/radians[0m
  [36m79[0m  [36m[0m
  [36m80[0m  [36m(defn draw-12-notes [x y d][0m
  [36m81[0m  [36m  (let [notes (take 12 (iterate fifth "C"))[0m
  [36m82[0m  [36m        angles (range -90 271 30)[0m
  [36m83[0m  [36m        r(/ d 2)][0m

[36m----  Compiler Warning : Please see src/circle_of_fifths/core.cljs  ----[0m
[32mSuccessfully compiled "resources/public/cljs/main.js" in 0.176 seconds.[0m
notifying browser that file changed:  out/circle_of_fifths/core.js
[0mCompiling "resources/public/cljs/main.js" from ["src"]...[0m
[32mSuccessfully compiled "resources/public/cljs/main.js" in 0.16 seconds.[0m
notifying browser that file changed:  resources/public/cljs/out/cljs_deps.js
notifying browser that file changed:  out/circle_of_fifths/core.js
[0mCompiling "resources/public/cljs/main.js" from ["src"]...[0m
[32mSuccessfully compiled "resources/public/cljs/main.js" in 0.158 seconds.[0m
notifying browser that file changed:  resources/public/cljs/out/cljs_deps.js
notifying browser that file changed:  out/circle_of_fifths/core.js
[0mCompiling "resources/public/cljs/main.js" from ["src"]...[0m
[32mSuccessfully compiled "resources/public/cljs/main.js" in 0.16 seconds.[0m
notifying browser that file changed:  out/circle_of_fifths/core.js
[0mCompiling "resources/public/cljs/main.js" from ["src"]...[0m
[32mSuccessfully compiled "resources/public/cljs/main.js" in 0.157 seconds.[0m
notifying browser that file changed:  out/circle_of_fifths/core.js
[0mCompiling "resources/public/cljs/main.js" from ["src"]...[0m
[32mSuccessfully compiled "resources/public/cljs/main.js" in 0.166 seconds.[0m
notifying browser that file changed:  out/circle_of_fifths/core.js
[0mCompiling "resources/public/cljs/main.js" from ["src"]...[0m
[32mSuccessfully compiled "resources/public/cljs/main.js" in 0.16 seconds.[0m
notifying browser that file changed:  out/circle_of_fifths/core.js
[0mCompiling "resources/public/cljs/main.js" from ["src"]...[0m
[32mSuccessfully compiled "resources/public/cljs/main.js" in 0.162 seconds.[0m
notifying browser that file changed:  out/circle_of_fifths/core.js
[0mCompiling "resources/public/cljs/main.js" from ["src"]...[0m
[32mSuccessfully compiled "resources/public/cljs/main.js" in 0.161 seconds.[0m
notifying browser that file changed:  out/circle_of_fifths/core.js
[0mCompiling "resources/public/cljs/main.js" from ["src"]...[0m
[32mSuccessfully compiled "resources/public/cljs/main.js" in 0.161 seconds.[0m
notifying browser that file changed:  resources/public/cljs/out/cljs_deps.js
notifying browser that file changed:  out/circle_of_fifths/core.js
[0mCompiling "resources/public/cljs/main.js" from ["src"]...[0m
[32mSuccessfully compiled "resources/public/cljs/main.js" in 0.232 seconds.[0m
notifying browser that file changed:  out/circle_of_fifths/core.js
[0mCompiling "resources/public/cljs/main.js" from ["src"]...[0m
[32mSuccessfully compiled "resources/public/cljs/main.js" in 0.166 seconds.[0m
notifying browser that file changed:  resources/public/cljs/out/cljs_deps.js
notifying browser that file changed:  out/circle_of_fifths/core.js
[0mCompiling "resources/public/cljs/main.js" from ["src"]...[0m
[32mSuccessfully compiled "resources/public/cljs/main.js" in 0.161 seconds.[0m
notifying browser that file changed:  out/circle_of_fifths/core.js
[0mCompiling "resources/public/cljs/main.js" from ["src"]...[0m
[32mSuccessfully compiled "resources/public/cljs/main.js" in 0.162 seconds.[0m
notifying browser that file changed:  resources/public/cljs/out/cljs_deps.js
notifying browser that file changed:  out/circle_of_fifths/core.js
[0mCompiling "resources/public/cljs/main.js" from ["src"]...[0m
[32mSuccessfully compiled "resources/public/cljs/main.js" in 0.162 seconds.[0m
notifying browser that file changed:  out/circle_of_fifths/core.js
[0mCompiling "resources/public/cljs/main.js" from ["src"]...[0m
[32mSuccessfully compiled "resources/public/cljs/main.js" in 0.167 seconds.[0m
notifying browser that file changed:  out/circle_of_fifths/core.js
[0mCompiling "resources/public/cljs/main.js" from ["src"]...[0m
[32mSuccessfully compiled "resources/public/cljs/main.js" in 0.168 seconds.[0m
notifying browser that file changed:  resources/public/cljs/out/cljs_deps.js
notifying browser that file changed:  out/circle_of_fifths/core.js
[0mCompiling "resources/public/cljs/main.js" from ["src"]...[0m
[32mSuccessfully compiled "resources/public/cljs/main.js" in 0.161 seconds.[0m
notifying browser that file changed:  resources/public/cljs/out/cljs_deps.js
notifying browser that file changed:  out/circle_of_fifths/core.js
[0mCompiling "resources/public/cljs/main.js" from ["src"]...[0m
[32mSuccessfully compiled "resources/public/cljs/main.js" in 0.162 seconds.[0m
notifying browser that file changed:  resources/public/cljs/out/cljs_deps.js
notifying browser that file changed:  out/circle_of_fifths/core.js
